2025-06-16 16:42:42,227 - PerformanceMonitor - INFO - Monitor de rendimiento inicializado. Start time: 1750106562.2276723
2025-06-16 16:42:42,342 - PerformanceMonitor - INFO - Component: test | Operation: test_func | Duration: 0.101s | Memory: 0.1% | CPU: 0.0%
2025-06-16 16:43:57,075 - PerformanceMonitor - INFO - Monitor de rendimiento inicializado. Start time: 1750106637.0758328
2025-06-16 16:43:59,009 - PerformanceMonitor - INFO - Monitor de rendimiento inicializado. Start time: 1750106639.0093658
2025-06-16 16:44:25,385 - PerformanceMonitor - INFO - Monitor de rendimiento inicializado. Start time: 1750106665.3854952
2025-06-16 16:46:48,046 - PerformanceMonitor - INFO - Monitor de rendimiento inicializado. Start time: 1750106808.0458376
2025-06-16 16:46:48,646 - PerformanceMonitor - INFO - Monitor de rendimiento inicializado. Start time: 1750106808.6467957
2025-06-16 16:46:54,009 - PerformanceMonitor - INFO - Component: query_processing | Operation: process_query | Duration: 0.167s | Memory: 6.4% | CPU: 0.0%
2025-06-16 16:46:54,025 - PerformanceMonitor - INFO - Component: query | Operation: search | Duration: 0.167s | Memory: 6.4% | CPU: 0.0%
2025-06-16 16:46:54,025 - PerformanceMonitor - INFO - Component: search | Operation: search | Duration: 0.182s | Memory: 6.4% | CPU: 0.0%
2025-06-16 16:48:31,365 - PerformanceMonitor - INFO - Monitor de rendimiento inicializado. Start time: 1750106911.3657238
2025-06-16 16:48:32,070 - PerformanceMonitor - INFO - Monitor de rendimiento inicializado. Start time: 1750106912.070616
2025-06-16 16:48:39,264 - PerformanceMonitor - INFO - Component: query_processing | Operation: process_query | Duration: 0.144s | Memory: 6.4% | CPU: 0.0%
2025-06-16 16:48:39,265 - PerformanceMonitor - INFO - Component: query | Operation: search | Duration: 0.161s | Memory: 6.4% | CPU: 0.0%
2025-06-16 16:48:39,269 - PerformanceMonitor - INFO - Component: search | Operation: search | Duration: 0.161s | Memory: 6.4% | CPU: 0.0%
2025-06-16 16:51:02,113 - PerformanceMonitor - INFO - Monitor de rendimiento inicializado. Start time: 1750107062.1128175
2025-06-16 16:51:03,040 - PerformanceMonitor - INFO - Monitor de rendimiento inicializado. Start time: 1750107063.0404036
2025-06-16 16:51:09,062 - PerformanceMonitor - INFO - Component: query_processing | Operation: process_query | Duration: 0.379s | Memory: 6.4% | CPU: 0.0%
2025-06-16 16:51:09,067 - PerformanceMonitor - INFO - Component: query | Operation: search | Duration: 0.400s | Memory: 6.4% | CPU: 0.0%
2025-06-16 16:51:09,068 - PerformanceMonitor - INFO - Component: search | Operation: search | Duration: 0.402s | Memory: 6.4% | CPU: 0.0%
2025-06-16 16:51:12,791 - PerformanceMonitor - INFO - Component: answer_generation | Operation: generate_answer | Duration: 3.721s | Memory: 6.5% | CPU: 0.0%
2025-06-16 17:00:07,586 - PerformanceMonitor - INFO - Monitor de rendimiento inicializado. Start time: 1750107607.5867865
2025-06-16 17:00:07,624 - PerformanceMonitor - INFO - Component: load_embeddings | Operation: load_embeddings | Duration: 0.031s | Memory: 0.4% | CPU: 0.0% - ERROR: '\n  "error"'
2025-06-16 17:00:07,624 - PerformanceMonitor - INFO - Component: build_index | Operation: build_index | Duration: 0.038s | Memory: 0.4% | CPU: 0.0% - ERROR: '\n  "error"'
2025-06-16 17:03:30,112 - PerformanceMonitor - INFO - Monitor de rendimiento inicializado. Start time: 1750107810.1120405
2025-06-16 17:03:30,177 - PerformanceMonitor - INFO - Component: load_embeddings | Operation: load_embeddings | Duration: 0.063s | Memory: 0.4% | CPU: 0.0%
2025-06-16 17:03:30,212 - PerformanceMonitor - INFO - Component: build_index | Operation: build_index | Duration: 0.101s | Memory: 0.4% | CPU: 0.0%
2025-06-16 17:04:45,331 - PerformanceMonitor - INFO - Monitor de rendimiento inicializado. Start time: 1750107885.331294
2025-06-16 17:04:45,603 - PerformanceMonitor - INFO - Component: load_embeddings | Operation: load_embeddings | Duration: 0.260s | Memory: 0.4% | CPU: 0.0%
2025-06-16 17:04:45,707 - PerformanceMonitor - INFO - Component: build_index | Operation: build_index | Duration: 0.375s | Memory: 0.4% | CPU: 0.0%
2025-06-16 17:05:41,305 - PerformanceMonitor - INFO - Monitor de rendimiento inicializado. Start time: 1750107941.3050568
2025-06-16 17:05:41,490 - PerformanceMonitor - INFO - Component: query_processing | Operation: process_query | Duration: 0.160s | Memory: 6.1% | CPU: 0.0%
2025-06-16 17:05:41,493 - PerformanceMonitor - INFO - Component: query | Operation: search | Duration: 0.166s | Memory: 6.1% | CPU: 0.0%
2025-06-16 17:05:41,494 - PerformanceMonitor - INFO - Component: search | Operation: search | Duration: 0.166s | Memory: 6.1% | CPU: 0.0%
2025-06-16 17:08:12,879 - PerformanceMonitor - INFO - Monitor de rendimiento inicializado. Start time: 1750108092.8794422
2025-06-16 17:09:00,732 - PerformanceMonitor - INFO - Monitor de rendimiento inicializado. Start time: 1750108140.732708
2025-06-16 17:09:01,086 - PerformanceMonitor - INFO - Component: query_processing | Operation: process_query | Duration: 0.324s | Memory: 6.1% | CPU: 0.0%
2025-06-16 17:09:01,090 - PerformanceMonitor - INFO - Component: query | Operation: search | Duration: 0.340s | Memory: 6.1% | CPU: 0.0%
2025-06-16 17:09:01,091 - PerformanceMonitor - INFO - Component: search | Operation: search | Duration: 0.341s | Memory: 6.1% | CPU: 0.0%
2025-06-16 17:10:52,489 - PerformanceMonitor - INFO - Monitor de rendimiento inicializado. Start time: 1750108252.4893434
2025-06-16 17:10:53,079 - PerformanceMonitor - INFO - Monitor de rendimiento inicializado. Start time: 1750108253.079718
2025-06-16 17:10:58,952 - PerformanceMonitor - INFO - Component: query_processing | Operation: process_query | Duration: 0.157s | Memory: 6.4% | CPU: 0.0%
2025-06-16 17:10:58,963 - PerformanceMonitor - INFO - Component: query | Operation: search | Duration: 0.170s | Memory: 6.4% | CPU: 0.0%
2025-06-16 17:10:58,963 - PerformanceMonitor - INFO - Component: search | Operation: search | Duration: 0.171s | Memory: 6.4% | CPU: 0.0%
2025-06-16 17:11:04,001 - PerformanceMonitor - INFO - Component: query_processing | Operation: process_query | Duration: 0.091s | Memory: 6.4% | CPU: 0.0%
2025-06-16 17:11:04,015 - PerformanceMonitor - INFO - Component: query | Operation: search | Duration: 0.106s | Memory: 6.4% | CPU: 0.0%
2025-06-16 17:11:04,015 - PerformanceMonitor - INFO - Component: search | Operation: search | Duration: 0.106s | Memory: 6.4% | CPU: 0.0%
2025-06-16 17:11:54,675 - PerformanceMonitor - INFO - Monitor de rendimiento inicializado. Start time: 1750108314.6759615
2025-06-16 17:12:17,209 - PerformanceMonitor - INFO - Component: query_processing | Operation: process_query | Duration: 0.116s | Memory: 6.9% | CPU: 0.0%
2025-06-16 17:12:17,209 - PerformanceMonitor - INFO - Component: query | Operation: search | Duration: 0.116s | Memory: 6.9% | CPU: 0.0%
2025-06-16 17:12:17,209 - PerformanceMonitor - INFO - Component: search | Operation: search | Duration: 0.116s | Memory: 6.9% | CPU: 0.0%
2025-06-16 17:12:17,328 - PerformanceMonitor - INFO - Component: query_processing | Operation: process_query | Duration: 0.118s | Memory: 6.9% | CPU: 0.0%
2025-06-16 17:15:43,040 - PerformanceMonitor - INFO - Monitor de rendimiento inicializado. Start time: 1750108543.040239
2025-06-16 17:15:43,611 - PerformanceMonitor - INFO - Component: query_processing | Operation: process_query | Duration: 0.510s | Memory: 6.1% | CPU: 0.0%
2025-06-16 17:19:52,652 - PerformanceMonitor - INFO - Monitor de rendimiento inicializado. Start time: 1750108792.6529353
2025-06-16 17:19:57,395 - PerformanceMonitor - INFO - Component: embedding_generation | Operation: generate_embeddings | Duration: 4.628s | Memory: 6.3% | CPU: 0.0%
2025-06-16 17:20:03,347 - PerformanceMonitor - INFO - Component: embedding_generation | Operation: generate_embeddings | Duration: 5.936s | Memory: 6.3% | CPU: 0.0%
2025-06-16 17:20:11,093 - PerformanceMonitor - INFO - Component: embedding_generation | Operation: generate_embeddings | Duration: 7.729s | Memory: 6.3% | CPU: 0.0%
2025-06-16 17:20:17,556 - PerformanceMonitor - INFO - Component: embedding_generation | Operation: generate_embeddings | Duration: 6.449s | Memory: 6.3% | CPU: 0.0%
2025-06-16 17:20:23,929 - PerformanceMonitor - INFO - Component: embedding_generation | Operation: generate_embeddings | Duration: 6.363s | Memory: 6.3% | CPU: 0.0%
2025-06-16 17:20:30,505 - PerformanceMonitor - INFO - Component: embedding_generation | Operation: generate_embeddings | Duration: 6.559s | Memory: 6.3% | CPU: 0.0%
2025-06-16 17:20:36,716 - PerformanceMonitor - INFO - Component: embedding_generation | Operation: generate_embeddings | Duration: 6.193s | Memory: 6.3% | CPU: 0.0%
2025-06-16 17:20:43,065 - PerformanceMonitor - INFO - Component: embedding_generation | Operation: generate_embeddings | Duration: 6.332s | Memory: 6.3% | CPU: 0.0%
2025-06-16 17:20:51,718 - PerformanceMonitor - INFO - Component: embedding_generation | Operation: generate_embeddings | Duration: 8.636s | Memory: 6.3% | CPU: 0.0%
2025-06-16 17:20:58,196 - PerformanceMonitor - INFO - Component: embedding_generation | Operation: generate_embeddings | Duration: 6.460s | Memory: 6.3% | CPU: 0.0%
2025-06-16 17:21:04,498 - PerformanceMonitor - INFO - Component: embedding_generation | Operation: generate_embeddings | Duration: 6.287s | Memory: 6.3% | CPU: 0.0%
2025-06-16 17:21:11,584 - PerformanceMonitor - INFO - Component: embedding_generation | Operation: generate_embeddings | Duration: 7.070s | Memory: 6.3% | CPU: 0.0%
2025-06-16 17:21:17,903 - PerformanceMonitor - INFO - Component: embedding_generation | Operation: generate_embeddings | Duration: 6.301s | Memory: 6.3% | CPU: 0.0%
2025-06-16 17:21:24,167 - PerformanceMonitor - INFO - Component: embedding_generation | Operation: generate_embeddings | Duration: 6.251s | Memory: 6.3% | CPU: 0.0%
2025-06-16 17:21:30,835 - PerformanceMonitor - INFO - Component: embedding_generation | Operation: generate_embeddings | Duration: 6.652s | Memory: 6.3% | CPU: 0.0%
2025-06-16 17:21:37,136 - PerformanceMonitor - INFO - Component: embedding_generation | Operation: generate_embeddings | Duration: 6.285s | Memory: 6.3% | CPU: 0.0%
2025-06-16 17:21:44,002 - PerformanceMonitor - INFO - Component: embedding_generation | Operation: generate_embeddings | Duration: 6.850s | Memory: 6.3% | CPU: 0.0%
2025-06-16 17:21:52,021 - PerformanceMonitor - INFO - Component: embedding_generation | Operation: generate_embeddings | Duration: 8.006s | Memory: 6.3% | CPU: 0.0%
2025-06-16 17:21:59,426 - PerformanceMonitor - INFO - Component: embedding_generation | Operation: generate_embeddings | Duration: 7.381s | Memory: 6.3% | CPU: 0.0%
2025-06-16 17:22:05,845 - PerformanceMonitor - INFO - Component: embedding_generation | Operation: generate_embeddings | Duration: 6.397s | Memory: 6.3% | CPU: 0.0%
2025-06-16 17:22:12,500 - PerformanceMonitor - INFO - Component: embedding_generation | Operation: generate_embeddings | Duration: 6.639s | Memory: 6.3% | CPU: 0.0%
2025-06-16 17:22:18,157 - PerformanceMonitor - INFO - Component: embedding_generation | Operation: generate_embeddings | Duration: 5.644s | Memory: 6.3% | CPU: 0.0%
2025-06-16 17:22:24,794 - PerformanceMonitor - INFO - Component: embedding_generation | Operation: generate_embeddings | Duration: 6.621s | Memory: 6.3% | CPU: 0.0%
2025-06-16 17:22:31,110 - PerformanceMonitor - INFO - Component: embedding_generation | Operation: generate_embeddings | Duration: 6.289s | Memory: 6.3% | CPU: 0.0%
2025-06-16 17:22:37,553 - PerformanceMonitor - INFO - Component: embedding_generation | Operation: generate_embeddings | Duration: 6.442s | Memory: 6.3% | CPU: 0.0%
2025-06-16 17:22:43,846 - PerformanceMonitor - INFO - Component: embedding_generation | Operation: generate_embeddings | Duration: 6.280s | Memory: 6.3% | CPU: 0.0%
2025-06-16 17:22:51,857 - PerformanceMonitor - INFO - Component: embedding_generation | Operation: generate_embeddings | Duration: 7.981s | Memory: 6.3% | CPU: 0.0%
2025-06-16 17:22:58,212 - PerformanceMonitor - INFO - Component: embedding_generation | Operation: generate_embeddings | Duration: 6.332s | Memory: 6.3% | CPU: 0.0%
2025-06-16 17:23:03,993 - PerformanceMonitor - INFO - Component: embedding_generation | Operation: generate_embeddings | Duration: 5.762s | Memory: 6.3% | CPU: 0.0%
2025-06-16 17:23:10,937 - PerformanceMonitor - INFO - Component: embedding_generation | Operation: generate_embeddings | Duration: 6.928s | Memory: 6.3% | CPU: 0.0%
2025-06-16 17:23:17,236 - PerformanceMonitor - INFO - Component: embedding_generation | Operation: generate_embeddings | Duration: 6.280s | Memory: 6.3% | CPU: 0.0%
2025-06-16 17:23:23,577 - PerformanceMonitor - INFO - Component: embedding_generation | Operation: generate_embeddings | Duration: 6.323s | Memory: 6.3% | CPU: 0.0%
2025-06-16 17:23:30,451 - PerformanceMonitor - INFO - Component: embedding_generation | Operation: generate_embeddings | Duration: 6.858s | Memory: 6.4% | CPU: 0.0%
2025-06-16 17:23:37,917 - PerformanceMonitor - INFO - Component: embedding_generation | Operation: generate_embeddings | Duration: 7.444s | Memory: 6.4% | CPU: 0.0%
2025-06-16 17:23:44,408 - PerformanceMonitor - INFO - Component: embedding_generation | Operation: generate_embeddings | Duration: 6.456s | Memory: 6.4% | CPU: 0.0%
2025-06-16 17:23:50,834 - PerformanceMonitor - INFO - Component: embedding_generation | Operation: generate_embeddings | Duration: 6.410s | Memory: 6.4% | CPU: 0.0%
2025-06-16 17:23:59,683 - PerformanceMonitor - INFO - Component: embedding_generation | Operation: generate_embeddings | Duration: 8.833s | Memory: 6.4% | CPU: 0.0%
2025-06-16 17:24:06,008 - PerformanceMonitor - INFO - Component: embedding_generation | Operation: generate_embeddings | Duration: 6.302s | Memory: 6.4% | CPU: 0.0%
2025-06-16 17:24:12,494 - PerformanceMonitor - INFO - Component: embedding_generation | Operation: generate_embeddings | Duration: 6.468s | Memory: 6.4% | CPU: 0.0%
2025-06-16 17:24:18,817 - PerformanceMonitor - INFO - Component: embedding_generation | Operation: generate_embeddings | Duration: 6.306s | Memory: 6.4% | CPU: 0.0%
2025-06-16 17:24:26,048 - PerformanceMonitor - INFO - Component: embedding_generation | Operation: generate_embeddings | Duration: 7.217s | Memory: 6.4% | CPU: 0.0%
2025-06-16 17:24:32,720 - PerformanceMonitor - INFO - Component: embedding_generation | Operation: generate_embeddings | Duration: 6.656s | Memory: 6.4% | CPU: 0.0%
2025-06-16 17:24:39,715 - PerformanceMonitor - INFO - Component: embedding_generation | Operation: generate_embeddings | Duration: 6.974s | Memory: 6.4% | CPU: 0.0%
2025-06-16 17:24:46,962 - PerformanceMonitor - INFO - Component: embedding_generation | Operation: generate_embeddings | Duration: 7.232s | Memory: 6.4% | CPU: 0.0%
2025-06-16 17:24:55,262 - PerformanceMonitor - INFO - Component: embedding_generation | Operation: generate_embeddings | Duration: 8.283s | Memory: 6.3% | CPU: 0.0%
2025-06-16 17:25:02,564 - PerformanceMonitor - INFO - Component: embedding_generation | Operation: generate_embeddings | Duration: 7.286s | Memory: 6.4% | CPU: 0.0%
2025-06-16 17:25:09,580 - PerformanceMonitor - INFO - Component: embedding_generation | Operation: generate_embeddings | Duration: 7.001s | Memory: 6.3% | CPU: 0.0%
2025-06-16 17:25:17,442 - PerformanceMonitor - INFO - Component: embedding_generation | Operation: generate_embeddings | Duration: 7.845s | Memory: 6.3% | CPU: 0.0%
2025-06-16 17:25:24,409 - PerformanceMonitor - INFO - Component: embedding_generation | Operation: generate_embeddings | Duration: 6.919s | Memory: 6.3% | CPU: 0.0%
2025-06-16 17:25:34,693 - PerformanceMonitor - INFO - Component: embedding_generation | Operation: generate_embeddings | Duration: 10.252s | Memory: 6.3% | CPU: 0.0%
2025-06-16 17:25:44,229 - PerformanceMonitor - INFO - Component: embedding_generation | Operation: generate_embeddings | Duration: 9.502s | Memory: 6.3% | CPU: 0.0%
2025-06-16 17:25:59,155 - PerformanceMonitor - INFO - Monitor de rendimiento inicializado. Start time: 1750109159.1551733
2025-06-16 17:25:59,605 - PerformanceMonitor - INFO - Component: load_embeddings | Operation: load_embeddings | Duration: 0.446s | Memory: 0.4% | CPU: 0.0%
2025-06-16 17:25:59,711 - PerformanceMonitor - INFO - Component: build_index | Operation: build_index | Duration: 0.556s | Memory: 0.4% | CPU: 0.0%
2025-06-16 17:26:37,448 - PerformanceMonitor - INFO - Monitor de rendimiento inicializado. Start time: 1750109197.4486752
2025-06-16 17:26:37,807 - PerformanceMonitor - INFO - Component: query_processing | Operation: process_query | Duration: 0.266s | Memory: 6.1% | CPU: 0.0%
2025-06-16 17:27:45,805 - PerformanceMonitor - INFO - Monitor de rendimiento inicializado. Start time: 1750109265.8058696
2025-06-16 17:27:46,271 - PerformanceMonitor - INFO - Component: load_embeddings | Operation: load_embeddings | Duration: 0.456s | Memory: 0.4% | CPU: 0.0%
2025-06-16 17:27:46,322 - PerformanceMonitor - INFO - Component: build_index | Operation: build_index | Duration: 0.517s | Memory: 0.4% | CPU: 0.0%
2025-06-16 17:28:24,246 - PerformanceMonitor - INFO - Monitor de rendimiento inicializado. Start time: 1750109304.246439
2025-06-16 17:28:24,646 - PerformanceMonitor - INFO - Component: query_processing | Operation: process_query | Duration: 0.298s | Memory: 6.1% | CPU: 0.0%
2025-06-16 17:29:02,681 - PerformanceMonitor - INFO - Monitor de rendimiento inicializado. Start time: 1750109342.6817377
2025-06-16 17:29:02,844 - PerformanceMonitor - INFO - Component: query_processing | Operation: process_query | Duration: 0.142s | Memory: 6.1% | CPU: 0.0%
2025-06-16 17:29:02,846 - PerformanceMonitor - INFO - Component: query | Operation: search | Duration: 0.148s | Memory: 6.1% | CPU: 0.0%
2025-06-16 17:29:02,846 - PerformanceMonitor - INFO - Component: search | Operation: search | Duration: 0.148s | Memory: 6.1% | CPU: 0.0%
2025-06-16 17:29:25,380 - PerformanceMonitor - INFO - Monitor de rendimiento inicializado. Start time: 1750109365.3801305
2025-06-16 17:29:25,536 - PerformanceMonitor - INFO - Component: query_processing | Operation: process_query | Duration: 0.134s | Memory: 6.1% | CPU: 0.0%
2025-06-16 17:31:33,319 - PerformanceMonitor - INFO - Monitor de rendimiento inicializado. Start time: 1750109493.3197906
2025-06-16 17:31:33,934 - PerformanceMonitor - INFO - Monitor de rendimiento inicializado. Start time: 1750109493.934496
2025-06-16 17:31:43,158 - PerformanceMonitor - INFO - Component: query_processing | Operation: process_query | Duration: 0.155s | Memory: 6.4% | CPU: 0.0%
2025-06-16 17:31:43,168 - PerformanceMonitor - INFO - Component: query | Operation: search | Duration: 0.166s | Memory: 6.5% | CPU: 0.0%
2025-06-16 17:31:43,169 - PerformanceMonitor - INFO - Component: search | Operation: search | Duration: 0.167s | Memory: 6.5% | CPU: 0.0%
2025-06-16 17:31:47,091 - PerformanceMonitor - INFO - Component: answer_generation | Operation: generate_answer | Duration: 3.921s | Memory: 6.5% | CPU: 0.0%
2025-06-16 17:32:52,628 - PerformanceMonitor - INFO - Monitor de rendimiento inicializado. Start time: 1750109572.6284883
2025-06-16 17:33:14,794 - PerformanceMonitor - INFO - Component: query_processing | Operation: process_query | Duration: 0.128s | Memory: 7.0% | CPU: 0.0%
2025-06-16 17:33:14,796 - PerformanceMonitor - INFO - Component: query | Operation: search | Duration: 0.133s | Memory: 7.0% | CPU: 0.0%
2025-06-16 17:33:14,796 - PerformanceMonitor - INFO - Component: search | Operation: search | Duration: 0.134s | Memory: 7.0% | CPU: 0.0%
2025-06-16 17:33:14,862 - PerformanceMonitor - INFO - Component: query_processing | Operation: process_query | Duration: 0.050s | Memory: 7.0% | CPU: 0.0%
2025-06-16 17:38:26,880 - PerformanceMonitor - INFO - Monitor de rendimiento inicializado. Start time: 1750109906.8802898
2025-06-16 17:38:31,729 - PerformanceMonitor - INFO - Component: query_processing | Operation: process_query | Duration: 0.150s | Memory: 6.3% | CPU: 0.0%
2025-06-16 17:38:31,729 - PerformanceMonitor - INFO - Component: query | Operation: search | Duration: 0.151s | Memory: 6.3% | CPU: 0.0%
2025-06-16 17:38:31,729 - PerformanceMonitor - INFO - Component: search | Operation: search | Duration: 0.151s | Memory: 6.3% | CPU: 0.0%
2025-06-16 17:38:55,497 - PerformanceMonitor - INFO - Component: query_processing | Operation: process_query | Duration: 0.079s | Memory: 6.4% | CPU: 0.0%
2025-06-16 17:38:55,497 - PerformanceMonitor - INFO - Component: query | Operation: search | Duration: 0.079s | Memory: 6.4% | CPU: 0.0%
2025-06-16 17:38:55,497 - PerformanceMonitor - INFO - Component: search | Operation: search | Duration: 0.079s | Memory: 6.4% | CPU: 0.0%
2025-06-16 17:39:30,063 - PerformanceMonitor - INFO - Component: query_processing | Operation: process_query | Duration: 0.079s | Memory: 7.0% | CPU: 0.0%
2025-06-16 17:39:30,063 - PerformanceMonitor - INFO - Component: query | Operation: search | Duration: 0.080s | Memory: 7.0% | CPU: 0.0%
2025-06-16 17:39:30,064 - PerformanceMonitor - INFO - Component: search | Operation: search | Duration: 0.081s | Memory: 7.0% | CPU: 0.0%
2025-06-16 17:39:30,142 - PerformanceMonitor - INFO - Component: query_processing | Operation: process_query | Duration: 0.060s | Memory: 7.0% | CPU: 0.0%
2025-06-16 17:43:10,228 - PerformanceMonitor - INFO - Monitor de rendimiento inicializado. Start time: 1750110190.228875
2025-06-16 17:43:13,012 - PerformanceMonitor - INFO - Monitor de rendimiento inicializado. Start time: 1750110193.0122464
2025-06-16 17:43:30,212 - PerformanceMonitor - INFO - Component: query_processing | Operation: process_query | Duration: 0.109s | Memory: 7.0% | CPU: 0.0%
2025-06-16 17:43:30,230 - PerformanceMonitor - INFO - Component: query | Operation: search | Duration: 0.127s | Memory: 7.0% | CPU: 0.0%
2025-06-16 17:43:30,230 - PerformanceMonitor - INFO - Component: search | Operation: search | Duration: 0.127s | Memory: 7.0% | CPU: 0.0%
2025-06-16 17:43:30,336 - PerformanceMonitor - INFO - Component: query_processing | Operation: process_query | Duration: 0.066s | Memory: 7.0% | CPU: 0.0%
2025-06-16 17:47:34,276 - PerformanceMonitor - INFO - Monitor de rendimiento inicializado. Start time: 1750110454.276011
2025-06-16 17:48:52,213 - PerformanceMonitor - INFO - Monitor de rendimiento inicializado. Start time: 1750110532.2135074
2025-06-16 17:48:52,529 - PerformanceMonitor - INFO - Component: query_processing | Operation: process_query | Duration: 0.273s | Memory: 6.1% | CPU: 0.0%
2025-06-16 17:50:08,501 - PerformanceMonitor - INFO - Monitor de rendimiento inicializado. Start time: 1750110608.5017793
2025-06-16 17:50:08,670 - PerformanceMonitor - INFO - Component: query_processing | Operation: process_query | Duration: 0.122s | Memory: 6.1% | CPU: 0.0%
2025-06-16 17:50:08,700 - PerformanceMonitor - INFO - Component: search | Operation: search | Duration: 0.000s | Memory: 6.1% | CPU: 0.0% - ERROR: SearchEngine.search() got an unexpected keyword argument 'top_k'
2025-06-16 17:51:22,565 - PerformanceMonitor - INFO - Monitor de rendimiento inicializado. Start time: 1750110682.5641925
2025-06-16 17:52:23,408 - PerformanceMonitor - INFO - Monitor de rendimiento inicializado. Start time: 1750110743.4081762
2025-06-16 17:52:23,550 - PerformanceMonitor - INFO - Component: query_processing | Operation: process_query | Duration: 0.117s | Memory: 6.0% | CPU: 0.0%
2025-06-16 17:52:23,551 - PerformanceMonitor - INFO - Component: query | Operation: search | Duration: 0.122s | Memory: 6.0% | CPU: 0.0%
2025-06-16 17:52:23,551 - PerformanceMonitor - INFO - Component: search | Operation: search | Duration: 0.122s | Memory: 6.0% | CPU: 0.0%
2025-06-16 17:53:34,885 - PerformanceMonitor - INFO - Monitor de rendimiento inicializado. Start time: 1750110814.8854785
2025-06-16 17:53:35,212 - PerformanceMonitor - INFO - Component: query_processing | Operation: process_query | Duration: 0.274s | Memory: 6.1% | CPU: 0.0%
2025-06-16 17:53:35,216 - PerformanceMonitor - INFO - Component: query | Operation: search | Duration: 0.284s | Memory: 6.1% | CPU: 0.0%
2025-06-16 17:53:35,216 - PerformanceMonitor - INFO - Component: search | Operation: search | Duration: 0.285s | Memory: 6.1% | CPU: 0.0%
2025-06-16 17:53:35,379 - PerformanceMonitor - INFO - Component: query_processing | Operation: process_query | Duration: 0.152s | Memory: 6.1% | CPU: 0.0%
2025-06-16 17:53:35,395 - PerformanceMonitor - INFO - Component: query | Operation: search | Duration: 0.168s | Memory: 6.1% | CPU: 0.0%
2025-06-16 17:53:35,395 - PerformanceMonitor - INFO - Component: search | Operation: search | Duration: 0.169s | Memory: 6.1% | CPU: 0.0%
2025-06-16 17:53:35,588 - PerformanceMonitor - INFO - Component: query_processing | Operation: process_query | Duration: 0.186s | Memory: 6.1% | CPU: 0.0%
2025-06-16 17:53:35,592 - PerformanceMonitor - INFO - Component: query | Operation: search | Duration: 0.191s | Memory: 6.1% | CPU: 0.0%
2025-06-16 17:53:35,593 - PerformanceMonitor - INFO - Component: search | Operation: search | Duration: 0.191s | Memory: 6.1% | CPU: 0.0%
2025-06-16 17:53:36,284 - PerformanceMonitor - INFO - Component: query_processing | Operation: process_query | Duration: 0.679s | Memory: 6.0% | CPU: 0.0%
2025-06-16 17:53:36,286 - PerformanceMonitor - INFO - Component: query | Operation: search | Duration: 0.681s | Memory: 6.0% | CPU: 0.0%
2025-06-16 17:53:36,286 - PerformanceMonitor - INFO - Component: search | Operation: search | Duration: 0.682s | Memory: 6.0% | CPU: 0.0%
2025-06-16 17:53:36,534 - PerformanceMonitor - INFO - Component: query_processing | Operation: process_query | Duration: 0.235s | Memory: 6.0% | CPU: 0.0%
2025-06-16 17:53:36,540 - PerformanceMonitor - INFO - Component: query | Operation: search | Duration: 0.240s | Memory: 6.0% | CPU: 0.0%
2025-06-16 17:53:36,541 - PerformanceMonitor - INFO - Component: search | Operation: search | Duration: 0.241s | Memory: 6.0% | CPU: 0.0%
2025-06-16 17:53:36,850 - PerformanceMonitor - INFO - Component: query_processing | Operation: process_query | Duration: 0.296s | Memory: 6.0% | CPU: 0.0%
2025-06-16 17:53:36,860 - PerformanceMonitor - INFO - Component: query | Operation: search | Duration: 0.307s | Memory: 6.0% | CPU: 0.0%
2025-06-16 17:53:36,860 - PerformanceMonitor - INFO - Component: search | Operation: search | Duration: 0.307s | Memory: 6.0% | CPU: 0.0%
2025-06-16 17:53:37,082 - PerformanceMonitor - INFO - Component: query_processing | Operation: process_query | Duration: 0.209s | Memory: 6.0% | CPU: 0.0%
2025-06-16 17:53:37,085 - PerformanceMonitor - INFO - Component: query | Operation: search | Duration: 0.213s | Memory: 6.0% | CPU: 0.0%
2025-06-16 17:53:37,086 - PerformanceMonitor - INFO - Component: search | Operation: search | Duration: 0.214s | Memory: 6.0% | CPU: 0.0%
2025-06-16 17:57:53,827 - PerformanceMonitor - INFO - Monitor de rendimiento inicializado. Start time: 1750111073.8274071
2025-06-16 17:57:53,958 - PerformanceMonitor - INFO - Component: query_processing | Operation: process_query | Duration: 0.112s | Memory: 6.1% | CPU: 0.0%
2025-06-16 17:57:53,960 - PerformanceMonitor - INFO - Component: query | Operation: search | Duration: 0.117s | Memory: 6.1% | CPU: 0.0%
2025-06-16 17:57:53,962 - PerformanceMonitor - INFO - Component: search | Operation: search | Duration: 0.118s | Memory: 6.1% | CPU: 0.0%
2025-06-16 17:58:14,661 - PerformanceMonitor - INFO - Monitor de rendimiento inicializado. Start time: 1750111094.661587
2025-06-16 17:58:41,646 - PerformanceMonitor - INFO - Monitor de rendimiento inicializado. Start time: 1750111121.6460595
2025-06-16 17:59:12,131 - PerformanceMonitor - INFO - Monitor de rendimiento inicializado. Start time: 1750111152.1310735
2025-06-16 17:59:12,184 - PerformanceMonitor - INFO - Component: load_embeddings | Operation: load_embeddings | Duration: 0.050s | Memory: 0.4% | CPU: 0.0%
2025-06-16 17:59:12,224 - PerformanceMonitor - INFO - Component: build_index | Operation: build_index | Duration: 0.093s | Memory: 0.4% | CPU: 0.0%
2025-06-16 17:59:30,405 - PerformanceMonitor - INFO - Monitor de rendimiento inicializado. Start time: 1750111170.4058263
2025-06-16 17:59:30,543 - PerformanceMonitor - INFO - Component: query_processing | Operation: process_query | Duration: 0.110s | Memory: 6.1% | CPU: 0.0%
2025-06-16 17:59:30,544 - PerformanceMonitor - INFO - Component: query | Operation: search | Duration: 0.113s | Memory: 6.1% | CPU: 0.0%
2025-06-16 17:59:30,544 - PerformanceMonitor - INFO - Component: search | Operation: search | Duration: 0.113s | Memory: 6.1% | CPU: 0.0%
2025-06-16 18:00:55,240 - PerformanceMonitor - INFO - Monitor de rendimiento inicializado. Start time: 1750111255.2402353
2025-06-16 18:00:55,292 - PerformanceMonitor - INFO - Component: search | Operation: search | Duration: 0.000s | Memory: 4.1% | CPU: 0.0% - ERROR: SearchEngine.search() got an unexpected keyword argument 'top_k'
2025-06-16 18:01:01,283 - PerformanceMonitor - INFO - Monitor de rendimiento inicializado. Start time: 1750111261.2836032
2025-06-16 18:02:10,369 - PerformanceMonitor - INFO - Monitor de rendimiento inicializado. Start time: 1750111330.3698037
2025-06-16 18:02:10,491 - PerformanceMonitor - INFO - Component: query_processing | Operation: process_query | Duration: 0.117s | Memory: 6.1% | CPU: 0.0%
2025-06-16 18:02:10,504 - PerformanceMonitor - INFO - Component: query | Operation: search | Duration: 0.130s | Memory: 6.1% | CPU: 0.0%
2025-06-16 18:02:10,504 - PerformanceMonitor - INFO - Component: search | Operation: search | Duration: 0.131s | Memory: 6.1% | CPU: 0.0%
2025-06-16 18:02:10,564 - PerformanceMonitor - INFO - Component: query_processing | Operation: process_query | Duration: 0.047s | Memory: 6.1% | CPU: 0.0%
2025-06-16 18:02:10,569 - PerformanceMonitor - INFO - Component: query | Operation: search | Duration: 0.051s | Memory: 6.1% | CPU: 0.0%
2025-06-16 18:02:10,569 - PerformanceMonitor - INFO - Component: search | Operation: search | Duration: 0.052s | Memory: 6.1% | CPU: 0.0%
2025-06-16 18:02:10,625 - PerformanceMonitor - INFO - Component: query_processing | Operation: process_query | Duration: 0.046s | Memory: 6.1% | CPU: 0.0%
2025-06-16 18:02:10,630 - PerformanceMonitor - INFO - Component: query | Operation: search | Duration: 0.051s | Memory: 6.1% | CPU: 0.0%
2025-06-16 18:02:10,631 - PerformanceMonitor - INFO - Component: search | Operation: search | Duration: 0.051s | Memory: 6.1% | CPU: 0.0%
2025-06-16 18:02:10,697 - PerformanceMonitor - INFO - Component: query_processing | Operation: process_query | Duration: 0.056s | Memory: 6.1% | CPU: 0.0%
2025-06-16 18:02:10,702 - PerformanceMonitor - INFO - Component: query | Operation: search | Duration: 0.060s | Memory: 6.1% | CPU: 0.0%
2025-06-16 18:02:10,702 - PerformanceMonitor - INFO - Component: search | Operation: search | Duration: 0.061s | Memory: 6.1% | CPU: 0.0%
2025-06-16 18:02:10,759 - PerformanceMonitor - INFO - Component: query_processing | Operation: process_query | Duration: 0.048s | Memory: 6.1% | CPU: 0.0%
2025-06-16 18:02:10,764 - PerformanceMonitor - INFO - Component: query | Operation: search | Duration: 0.053s | Memory: 6.1% | CPU: 0.0%
2025-06-16 18:02:10,764 - PerformanceMonitor - INFO - Component: search | Operation: search | Duration: 0.053s | Memory: 6.1% | CPU: 0.0%
2025-06-16 18:02:14,189 - PerformanceMonitor - INFO - Monitor de rendimiento inicializado. Start time: 1750111334.1897101
2025-06-16 18:03:04,070 - PerformanceMonitor - INFO - Monitor de rendimiento inicializado. Start time: 1750111384.070812
2025-06-16 18:03:08,479 - PerformanceMonitor - INFO - Component: embedding_generation | Operation: generate_embeddings | Duration: 4.327s | Memory: 6.3% | CPU: 0.0%
2025-06-16 18:03:16,391 - PerformanceMonitor - INFO - Component: embedding_generation | Operation: generate_embeddings | Duration: 7.895s | Memory: 6.3% | CPU: 0.0%
2025-06-16 18:03:21,066 - PerformanceMonitor - INFO - Component: embedding_generation | Operation: generate_embeddings | Duration: 4.667s | Memory: 6.4% | CPU: 0.0%
2025-06-16 18:03:26,864 - PerformanceMonitor - INFO - Component: embedding_generation | Operation: generate_embeddings | Duration: 5.787s | Memory: 6.3% | CPU: 0.0%
2025-06-16 18:03:34,216 - PerformanceMonitor - INFO - Component: embedding_generation | Operation: generate_embeddings | Duration: 7.328s | Memory: 6.3% | CPU: 0.0%
2025-06-16 18:03:41,466 - PerformanceMonitor - INFO - Component: embedding_generation | Operation: generate_embeddings | Duration: 7.226s | Memory: 6.3% | CPU: 0.0%
2025-06-16 18:03:48,021 - PerformanceMonitor - INFO - Component: embedding_generation | Operation: generate_embeddings | Duration: 6.539s | Memory: 6.3% | CPU: 0.0%
2025-06-16 18:03:53,161 - PerformanceMonitor - INFO - Component: embedding_generation | Operation: generate_embeddings | Duration: 5.113s | Memory: 6.3% | CPU: 0.0%
2025-06-16 18:03:59,038 - PerformanceMonitor - INFO - Component: embedding_generation | Operation: generate_embeddings | Duration: 5.864s | Memory: 6.3% | CPU: 0.0%
2025-06-16 18:04:04,485 - PerformanceMonitor - INFO - Component: embedding_generation | Operation: generate_embeddings | Duration: 5.431s | Memory: 6.3% | CPU: 0.0%
2025-06-16 18:04:10,478 - PerformanceMonitor - INFO - Component: embedding_generation | Operation: generate_embeddings | Duration: 5.978s | Memory: 6.3% | CPU: 0.0%
2025-06-16 18:04:18,259 - PerformanceMonitor - INFO - Component: embedding_generation | Operation: generate_embeddings | Duration: 7.764s | Memory: 6.3% | CPU: 0.0%
2025-06-16 18:04:24,821 - PerformanceMonitor - INFO - Component: embedding_generation | Operation: generate_embeddings | Duration: 6.545s | Memory: 6.3% | CPU: 0.0%
2025-06-16 18:04:30,972 - PerformanceMonitor - INFO - Component: embedding_generation | Operation: generate_embeddings | Duration: 6.132s | Memory: 6.3% | CPU: 0.0%
2025-06-16 18:04:37,143 - PerformanceMonitor - INFO - Component: embedding_generation | Operation: generate_embeddings | Duration: 6.156s | Memory: 6.3% | CPU: 0.0%
2025-06-16 18:04:43,127 - PerformanceMonitor - INFO - Component: embedding_generation | Operation: generate_embeddings | Duration: 5.970s | Memory: 6.3% | CPU: 0.0%
2025-06-16 18:04:49,087 - PerformanceMonitor - INFO - Component: embedding_generation | Operation: generate_embeddings | Duration: 5.944s | Memory: 6.3% | CPU: 0.0%
2025-06-16 18:04:54,941 - PerformanceMonitor - INFO - Component: embedding_generation | Operation: generate_embeddings | Duration: 5.836s | Memory: 6.3% | CPU: 0.0%
2025-06-16 18:05:00,423 - PerformanceMonitor - INFO - Component: embedding_generation | Operation: generate_embeddings | Duration: 5.462s | Memory: 6.3% | CPU: 0.0%
2025-06-16 18:05:06,636 - PerformanceMonitor - INFO - Component: embedding_generation | Operation: generate_embeddings | Duration: 6.197s | Memory: 6.3% | CPU: 0.0%
2025-06-16 18:05:13,702 - PerformanceMonitor - INFO - Component: embedding_generation | Operation: generate_embeddings | Duration: 7.050s | Memory: 6.3% | CPU: 0.0%
2025-06-16 18:05:20,684 - PerformanceMonitor - INFO - Component: embedding_generation | Operation: generate_embeddings | Duration: 6.957s | Memory: 6.3% | CPU: 0.0%
2025-06-16 18:05:25,197 - PerformanceMonitor - INFO - Component: embedding_generation | Operation: generate_embeddings | Duration: 4.513s | Memory: 6.4% | CPU: 0.0%
2025-06-16 18:05:30,981 - PerformanceMonitor - INFO - Component: embedding_generation | Operation: generate_embeddings | Duration: 5.779s | Memory: 6.4% | CPU: 0.0%
2025-06-16 18:05:35,869 - PerformanceMonitor - INFO - Component: embedding_generation | Operation: generate_embeddings | Duration: 4.871s | Memory: 6.4% | CPU: 0.0%
2025-06-16 18:05:40,199 - PerformanceMonitor - INFO - Component: embedding_generation | Operation: generate_embeddings | Duration: 4.314s | Memory: 6.4% | CPU: 0.0%
2025-06-16 18:05:45,336 - PerformanceMonitor - INFO - Component: embedding_generation | Operation: generate_embeddings | Duration: 5.128s | Memory: 6.3% | CPU: 0.0%
2025-06-16 18:05:51,298 - PerformanceMonitor - INFO - Component: embedding_generation | Operation: generate_embeddings | Duration: 5.946s | Memory: 6.4% | CPU: 0.0%
2025-06-16 18:05:56,666 - PerformanceMonitor - INFO - Component: embedding_generation | Operation: generate_embeddings | Duration: 5.351s | Memory: 6.4% | CPU: 0.0%
2025-06-16 18:06:02,321 - PerformanceMonitor - INFO - Component: embedding_generation | Operation: generate_embeddings | Duration: 5.639s | Memory: 6.4% | CPU: 0.0%
2025-06-16 18:06:05,939 - PerformanceMonitor - INFO - Component: embedding_generation | Operation: generate_embeddings | Duration: 3.602s | Memory: 6.4% | CPU: 0.0%
2025-06-16 18:06:11,096 - PerformanceMonitor - INFO - Component: embedding_generation | Operation: generate_embeddings | Duration: 5.145s | Memory: 6.4% | CPU: 0.0%
2025-06-16 18:06:18,534 - PerformanceMonitor - INFO - Component: embedding_generation | Operation: generate_embeddings | Duration: 7.418s | Memory: 6.4% | CPU: 0.0%
2025-06-16 18:06:25,441 - PerformanceMonitor - INFO - Component: embedding_generation | Operation: generate_embeddings | Duration: 6.896s | Memory: 6.4% | CPU: 0.0%
2025-06-16 18:06:31,261 - PerformanceMonitor - INFO - Component: embedding_generation | Operation: generate_embeddings | Duration: 5.795s | Memory: 6.4% | CPU: 0.0%
2025-06-16 18:06:35,585 - PerformanceMonitor - INFO - Component: embedding_generation | Operation: generate_embeddings | Duration: 4.299s | Memory: 6.5% | CPU: 0.0%
2025-06-16 18:06:41,561 - PerformanceMonitor - INFO - Component: embedding_generation | Operation: generate_embeddings | Duration: 5.967s | Memory: 6.4% | CPU: 0.0%
2025-06-16 18:06:45,826 - PerformanceMonitor - INFO - Component: embedding_generation | Operation: generate_embeddings | Duration: 4.249s | Memory: 6.4% | CPU: 0.0%
2025-06-16 18:06:51,382 - PerformanceMonitor - INFO - Component: embedding_generation | Operation: generate_embeddings | Duration: 5.528s | Memory: 6.4% | CPU: 0.0%
2025-06-16 18:06:56,961 - PerformanceMonitor - INFO - Component: embedding_generation | Operation: generate_embeddings | Duration: 5.563s | Memory: 6.4% | CPU: 0.0%
2025-06-16 18:07:02,030 - PerformanceMonitor - INFO - Component: embedding_generation | Operation: generate_embeddings | Duration: 5.054s | Memory: 6.4% | CPU: 0.0%
2025-06-16 18:07:08,295 - PerformanceMonitor - INFO - Component: embedding_generation | Operation: generate_embeddings | Duration: 6.253s | Memory: 6.4% | CPU: 0.0%
2025-06-16 18:07:14,345 - PerformanceMonitor - INFO - Component: embedding_generation | Operation: generate_embeddings | Duration: 6.031s | Memory: 6.4% | CPU: 0.0%
2025-06-16 18:07:19,803 - PerformanceMonitor - INFO - Component: embedding_generation | Operation: generate_embeddings | Duration: 5.442s | Memory: 6.4% | CPU: 0.0%
2025-06-16 18:07:26,096 - PerformanceMonitor - INFO - Component: embedding_generation | Operation: generate_embeddings | Duration: 6.283s | Memory: 6.4% | CPU: 0.0%
2025-06-16 18:07:30,324 - PerformanceMonitor - INFO - Component: embedding_generation | Operation: generate_embeddings | Duration: 4.215s | Memory: 6.4% | CPU: 0.0%
2025-06-16 18:07:34,796 - PerformanceMonitor - INFO - Component: embedding_generation | Operation: generate_embeddings | Duration: 4.471s | Memory: 6.4% | CPU: 0.0%
2025-06-16 18:07:39,175 - PerformanceMonitor - INFO - Component: embedding_generation | Operation: generate_embeddings | Duration: 4.367s | Memory: 6.4% | CPU: 0.0%
2025-06-16 18:07:43,595 - PerformanceMonitor - INFO - Component: embedding_generation | Operation: generate_embeddings | Duration: 4.388s | Memory: 6.4% | CPU: 0.0%
2025-06-16 18:07:49,240 - PerformanceMonitor - INFO - Component: embedding_generation | Operation: generate_embeddings | Duration: 5.621s | Memory: 6.4% | CPU: 0.0%
2025-06-16 18:07:55,275 - PerformanceMonitor - INFO - Component: embedding_generation | Operation: generate_embeddings | Duration: 6.022s | Memory: 6.4% | CPU: 0.0%
2025-06-16 18:08:07,298 - PerformanceMonitor - INFO - Monitor de rendimiento inicializado. Start time: 1750111687.2983398
2025-06-16 18:08:09,010 - PerformanceMonitor - INFO - Component: load_embeddings | Operation: load_embeddings | Duration: 1.711s | Memory: 0.4% | CPU: 0.0%
2025-06-16 18:08:09,117 - PerformanceMonitor - INFO - Component: build_index | Operation: build_index | Duration: 1.818s | Memory: 0.4% | CPU: 0.0%
2025-06-16 18:08:47,581 - PerformanceMonitor - INFO - Monitor de rendimiento inicializado. Start time: 1750111727.5813022
2025-06-16 18:08:47,933 - PerformanceMonitor - INFO - Component: query_processing | Operation: process_query | Duration: 0.251s | Memory: 6.1% | CPU: 0.0%
2025-06-16 18:08:47,949 - PerformanceMonitor - INFO - Component: query | Operation: search | Duration: 0.274s | Memory: 6.1% | CPU: 0.0%
2025-06-16 18:08:47,951 - PerformanceMonitor - INFO - Component: search | Operation: search | Duration: 0.276s | Memory: 6.1% | CPU: 0.0%
2025-06-16 18:08:48,148 - PerformanceMonitor - INFO - Component: query_processing | Operation: process_query | Duration: 0.170s | Memory: 6.1% | CPU: 0.0%
2025-06-16 18:08:48,167 - PerformanceMonitor - INFO - Component: query | Operation: search | Duration: 0.189s | Memory: 6.1% | CPU: 0.0%
2025-06-16 18:08:48,169 - PerformanceMonitor - INFO - Component: search | Operation: search | Duration: 0.190s | Memory: 6.1% | CPU: 0.0%
2025-06-16 18:08:48,343 - PerformanceMonitor - INFO - Component: query_processing | Operation: process_query | Duration: 0.151s | Memory: 6.1% | CPU: 0.0%
2025-06-16 18:08:48,361 - PerformanceMonitor - INFO - Component: query | Operation: search | Duration: 0.153s | Memory: 6.1% | CPU: 0.0%
2025-06-16 18:08:48,362 - PerformanceMonitor - INFO - Component: search | Operation: search | Duration: 0.169s | Memory: 6.1% | CPU: 0.0%
2025-06-16 18:08:48,560 - PerformanceMonitor - INFO - Component: query_processing | Operation: process_query | Duration: 0.174s | Memory: 6.1% | CPU: 0.0%
2025-06-16 18:08:48,566 - PerformanceMonitor - INFO - Component: query | Operation: search | Duration: 0.180s | Memory: 6.1% | CPU: 0.0%
2025-06-16 18:08:48,566 - PerformanceMonitor - INFO - Component: search | Operation: search | Duration: 0.180s | Memory: 6.1% | CPU: 0.0%
2025-06-16 18:08:48,762 - PerformanceMonitor - INFO - Component: query_processing | Operation: process_query | Duration: 0.165s | Memory: 6.0% | CPU: 0.0%
2025-06-16 18:08:48,778 - PerformanceMonitor - INFO - Component: query | Operation: search | Duration: 0.182s | Memory: 6.0% | CPU: 0.0%
2025-06-16 18:08:48,781 - PerformanceMonitor - INFO - Component: search | Operation: search | Duration: 0.184s | Memory: 6.0% | CPU: 0.0%
2025-06-16 18:08:54,254 - PerformanceMonitor - INFO - Monitor de rendimiento inicializado. Start time: 1750111734.2534094
2025-06-16 18:18:36,436 - PerformanceMonitor - INFO - Monitor de rendimiento inicializado. Start time: 1750112316.436592
2025-06-16 18:20:23,824 - PerformanceMonitor - INFO - Monitor de rendimiento inicializado. Start time: 1750112423.824838
2025-06-16 18:20:23,947 - PerformanceMonitor - INFO - Component: query_processing | Operation: process_query | Duration: 0.097s | Memory: 6.1% | CPU: 0.0%
2025-06-16 18:20:23,948 - PerformanceMonitor - INFO - Component: search | Operation: search | Duration: 0.102s | Memory: 6.1% | CPU: 0.0%
2025-06-16 18:20:24,007 - PerformanceMonitor - INFO - Component: query_processing | Operation: process_query | Duration: 0.059s | Memory: 6.1% | CPU: 0.0%
2025-06-16 18:20:24,007 - PerformanceMonitor - INFO - Component: search | Operation: search | Duration: 0.059s | Memory: 6.1% | CPU: 0.0%
2025-06-16 18:20:24,055 - PerformanceMonitor - INFO - Component: query_processing | Operation: process_query | Duration: 0.046s | Memory: 6.0% | CPU: 0.0%
2025-06-16 18:20:24,055 - PerformanceMonitor - INFO - Component: search | Operation: search | Duration: 0.047s | Memory: 6.0% | CPU: 0.0%
2025-06-16 18:20:24,097 - PerformanceMonitor - INFO - Component: query_processing | Operation: process_query | Duration: 0.041s | Memory: 6.0% | CPU: 0.0%
2025-06-16 18:20:24,098 - PerformanceMonitor - INFO - Component: search | Operation: search | Duration: 0.042s | Memory: 6.0% | CPU: 0.0%
2025-06-16 18:20:24,143 - PerformanceMonitor - INFO - Component: query_processing | Operation: process_query | Duration: 0.044s | Memory: 6.0% | CPU: 0.0%
2025-06-16 18:20:24,143 - PerformanceMonitor - INFO - Component: search | Operation: search | Duration: 0.044s | Memory: 6.0% | CPU: 0.0%
2025-06-16 18:20:24,208 - PerformanceMonitor - INFO - Component: query_processing | Operation: process_query | Duration: 0.051s | Memory: 6.0% | CPU: 0.0%
2025-06-16 18:20:24,209 - PerformanceMonitor - INFO - Component: search | Operation: search | Duration: 0.052s | Memory: 6.0% | CPU: 0.0%
2025-06-16 18:20:24,253 - PerformanceMonitor - INFO - Component: query_processing | Operation: process_query | Duration: 0.043s | Memory: 6.0% | CPU: 0.0%
2025-06-16 18:20:24,255 - PerformanceMonitor - INFO - Component: search | Operation: search | Duration: 0.044s | Memory: 6.0% | CPU: 0.0%
2025-06-16 18:20:24,298 - PerformanceMonitor - INFO - Component: query_processing | Operation: process_query | Duration: 0.043s | Memory: 6.0% | CPU: 0.0%
2025-06-16 18:20:24,299 - PerformanceMonitor - INFO - Component: search | Operation: search | Duration: 0.044s | Memory: 6.0% | CPU: 0.0%
2025-06-16 18:20:24,359 - PerformanceMonitor - INFO - Component: query_processing | Operation: process_query | Duration: 0.057s | Memory: 6.0% | CPU: 0.0%
2025-06-16 18:20:24,359 - PerformanceMonitor - INFO - Component: search | Operation: search | Duration: 0.058s | Memory: 6.0% | CPU: 0.0%
2025-06-16 18:20:24,400 - PerformanceMonitor - INFO - Component: query_processing | Operation: process_query | Duration: 0.040s | Memory: 6.0% | CPU: 0.0%
2025-06-16 18:20:24,401 - PerformanceMonitor - INFO - Component: search | Operation: search | Duration: 0.041s | Memory: 6.0% | CPU: 0.0%
2025-06-16 18:20:27,616 - PerformanceMonitor - INFO - Monitor de rendimiento inicializado. Start time: 1750112427.6167634
2025-06-16 18:20:27,744 - PerformanceMonitor - INFO - Component: query_processing | Operation: process_query | Duration: 0.102s | Memory: 6.1% | CPU: 0.0%
2025-06-16 18:20:27,745 - PerformanceMonitor - INFO - Component: search | Operation: search | Duration: 0.103s | Memory: 6.1% | CPU: 0.0%
2025-06-16 18:20:27,794 - PerformanceMonitor - INFO - Component: query_processing | Operation: process_query | Duration: 0.048s | Memory: 6.1% | CPU: 0.0%
2025-06-16 18:20:27,795 - PerformanceMonitor - INFO - Component: search | Operation: search | Duration: 0.049s | Memory: 6.1% | CPU: 0.0%
2025-06-16 18:21:05,360 - PerformanceMonitor - INFO - Monitor de rendimiento inicializado. Start time: 1750112465.3603232
2025-06-16 18:21:05,509 - PerformanceMonitor - INFO - Component: query_processing | Operation: process_query | Duration: 0.104s | Memory: 6.1% | CPU: 0.0%
2025-06-16 18:21:05,513 - PerformanceMonitor - INFO - Component: search | Operation: search | Duration: 0.123s | Memory: 6.1% | CPU: 0.0%
2025-06-16 18:21:05,562 - PerformanceMonitor - INFO - Component: query_processing | Operation: process_query | Duration: 0.048s | Memory: 6.1% | CPU: 0.0%
2025-06-16 18:21:05,564 - PerformanceMonitor - INFO - Component: search | Operation: search | Duration: 0.050s | Memory: 6.1% | CPU: 0.0%
2025-06-16 18:21:05,614 - PerformanceMonitor - INFO - Component: query_processing | Operation: process_query | Duration: 0.046s | Memory: 6.1% | CPU: 0.0%
2025-06-16 18:21:05,616 - PerformanceMonitor - INFO - Component: search | Operation: search | Duration: 0.048s | Memory: 6.1% | CPU: 0.0%
2025-06-16 18:21:05,670 - PerformanceMonitor - INFO - Component: query_processing | Operation: process_query | Duration: 0.053s | Memory: 6.1% | CPU: 0.0%
2025-06-16 18:21:05,672 - PerformanceMonitor - INFO - Component: search | Operation: search | Duration: 0.054s | Memory: 6.1% | CPU: 0.0%
2025-06-16 18:21:05,723 - PerformanceMonitor - INFO - Component: query_processing | Operation: process_query | Duration: 0.047s | Memory: 6.0% | CPU: 0.0%
2025-06-16 18:21:05,726 - PerformanceMonitor - INFO - Component: search | Operation: search | Duration: 0.050s | Memory: 6.0% | CPU: 0.0%
2025-06-16 18:21:05,771 - PerformanceMonitor - INFO - Component: query_processing | Operation: process_query | Duration: 0.045s | Memory: 6.0% | CPU: 0.0%
2025-06-16 18:21:05,773 - PerformanceMonitor - INFO - Component: search | Operation: search | Duration: 0.047s | Memory: 6.0% | CPU: 0.0%
2025-06-16 18:21:05,828 - PerformanceMonitor - INFO - Component: query_processing | Operation: process_query | Duration: 0.050s | Memory: 6.0% | CPU: 0.0%
2025-06-16 18:21:05,831 - PerformanceMonitor - INFO - Component: search | Operation: search | Duration: 0.053s | Memory: 6.0% | CPU: 0.0%
2025-06-16 18:21:05,876 - PerformanceMonitor - INFO - Component: query_processing | Operation: process_query | Duration: 0.045s | Memory: 6.0% | CPU: 0.0%
2025-06-16 18:21:05,878 - PerformanceMonitor - INFO - Component: search | Operation: search | Duration: 0.046s | Memory: 6.0% | CPU: 0.0%
2025-06-16 18:21:05,924 - PerformanceMonitor - INFO - Component: query_processing | Operation: process_query | Duration: 0.042s | Memory: 6.0% | CPU: 0.0%
2025-06-16 18:21:05,926 - PerformanceMonitor - INFO - Component: search | Operation: search | Duration: 0.044s | Memory: 6.0% | CPU: 0.0%
2025-06-16 18:21:05,969 - PerformanceMonitor - INFO - Component: query_processing | Operation: process_query | Duration: 0.042s | Memory: 6.0% | CPU: 0.0%
2025-06-16 18:21:05,971 - PerformanceMonitor - INFO - Component: search | Operation: search | Duration: 0.045s | Memory: 6.0% | CPU: 0.0%
2025-06-16 18:21:08,946 - PerformanceMonitor - INFO - Monitor de rendimiento inicializado. Start time: 1750112468.946225
2025-06-16 18:21:09,059 - PerformanceMonitor - INFO - Component: query_processing | Operation: process_query | Duration: 0.085s | Memory: 6.1% | CPU: 0.0%
2025-06-16 18:21:09,059 - PerformanceMonitor - INFO - Component: search | Operation: search | Duration: 0.085s | Memory: 6.1% | CPU: 0.0%
2025-06-16 18:21:09,118 - PerformanceMonitor - INFO - Component: query_processing | Operation: process_query | Duration: 0.058s | Memory: 6.1% | CPU: 0.0%
2025-06-16 18:21:09,121 - PerformanceMonitor - INFO - Component: search | Operation: search | Duration: 0.061s | Memory: 6.1% | CPU: 0.0%
2025-06-16 18:23:01,850 - PerformanceMonitor - INFO - Monitor de rendimiento inicializado. Start time: 1750112581.8502424
2025-06-16 18:23:04,700 - PerformanceMonitor - INFO - Monitor de rendimiento inicializado. Start time: 1750112584.7005913
2025-06-16 18:23:21,655 - PerformanceMonitor - INFO - Component: search | Operation: search | Duration: 0.000s | Memory: 4.9% | CPU: 0.0% - ERROR: SearchEngine.search() got an unexpected keyword argument 'filters'
2025-06-16 18:27:34,546 - PerformanceMonitor - INFO - Monitor de rendimiento inicializado. Start time: 1750112854.546254
2025-06-16 18:27:47,852 - PerformanceMonitor - INFO - Monitor de rendimiento inicializado. Start time: 1750112867.8528924
2025-06-16 18:27:48,219 - PerformanceMonitor - INFO - Component: query_processing | Operation: process_query | Duration: 0.279s | Memory: 8.1% | CPU: 0.0%
2025-06-16 18:27:48,228 - PerformanceMonitor - INFO - Component: search | Operation: search | Duration: 0.292s | Memory: 8.1% | CPU: 0.0%
2025-06-16 18:29:19,620 - PerformanceMonitor - INFO - Monitor de rendimiento inicializado. Start time: 1750112959.6204107
2025-06-16 18:29:22,404 - PerformanceMonitor - INFO - Monitor de rendimiento inicializado. Start time: 1750112962.4043608
2025-06-16 18:33:04,799 - PerformanceMonitor - INFO - Component: query_processing | Operation: process_query | Duration: 0.100s | Memory: 7.0% | CPU: 0.0%
2025-06-16 18:33:04,814 - PerformanceMonitor - INFO - Component: search | Operation: search | Duration: 0.116s | Memory: 7.0% | CPU: 0.0%
2025-06-16 18:33:04,904 - PerformanceMonitor - INFO - Component: query_processing | Operation: process_query | Duration: 0.079s | Memory: 7.0% | CPU: 0.0%
2025-06-16 18:33:57,285 - PerformanceMonitor - INFO - Component: query_processing | Operation: process_query | Duration: 0.054s | Memory: 7.0% | CPU: 0.0%
2025-06-16 18:33:57,285 - PerformanceMonitor - INFO - Component: search | Operation: search | Duration: 0.054s | Memory: 7.0% | CPU: 0.0%
2025-06-16 18:33:57,352 - PerformanceMonitor - INFO - Component: query_processing | Operation: process_query | Duration: 0.050s | Memory: 7.0% | CPU: 0.0%
2025-06-16 18:37:35,234 - PerformanceMonitor - INFO - Component: query_processing | Operation: process_query | Duration: 0.154s | Memory: 7.0% | CPU: 0.0%
2025-06-16 18:37:35,241 - PerformanceMonitor - INFO - Component: search | Operation: search | Duration: 0.160s | Memory: 7.0% | CPU: 0.0%
2025-06-16 18:37:35,394 - PerformanceMonitor - INFO - Component: query_processing | Operation: process_query | Duration: 0.119s | Memory: 7.0% | CPU: 0.0%
2025-06-16 18:40:13,539 - PerformanceMonitor - INFO - Monitor de rendimiento inicializado. Start time: 1750113613.5398962
2025-06-16 18:46:26,559 - PerformanceMonitor - INFO - Monitor de rendimiento inicializado. Start time: 1750113986.5599818
2025-06-16 18:47:30,513 - PerformanceMonitor - INFO - Monitor de rendimiento inicializado. Start time: 1750114050.513668
2025-06-16 18:48:31,112 - PerformanceMonitor - INFO - Monitor de rendimiento inicializado. Start time: 1750114111.1126006
2025-06-16 18:48:32,559 - PerformanceMonitor - INFO - Component: embedding_generation | Operation: generate_embeddings | Duration: 1.409s | Memory: 6.5% | CPU: 0.0%
2025-06-16 18:48:33,850 - PerformanceMonitor - INFO - Component: embedding_generation | Operation: generate_embeddings | Duration: 1.288s | Memory: 6.5% | CPU: 0.0%
2025-06-16 18:48:35,180 - PerformanceMonitor - INFO - Component: embedding_generation | Operation: generate_embeddings | Duration: 1.330s | Memory: 6.5% | CPU: 0.0%
2025-06-16 18:48:36,482 - PerformanceMonitor - INFO - Component: embedding_generation | Operation: generate_embeddings | Duration: 1.299s | Memory: 6.5% | CPU: 0.0%
2025-06-16 18:48:37,684 - PerformanceMonitor - INFO - Component: embedding_generation | Operation: generate_embeddings | Duration: 1.197s | Memory: 6.5% | CPU: 0.0%
2025-06-16 18:48:38,933 - PerformanceMonitor - INFO - Component: embedding_generation | Operation: generate_embeddings | Duration: 1.233s | Memory: 6.5% | CPU: 0.0%
2025-06-16 18:48:40,500 - PerformanceMonitor - INFO - Component: embedding_generation | Operation: generate_embeddings | Duration: 1.567s | Memory: 6.5% | CPU: 0.0%
2025-06-16 18:48:41,815 - PerformanceMonitor - INFO - Component: embedding_generation | Operation: generate_embeddings | Duration: 1.315s | Memory: 6.5% | CPU: 0.0%
2025-06-16 18:48:43,083 - PerformanceMonitor - INFO - Component: embedding_generation | Operation: generate_embeddings | Duration: 1.265s | Memory: 6.5% | CPU: 0.0%
2025-06-16 18:48:45,013 - PerformanceMonitor - INFO - Component: embedding_generation | Operation: generate_embeddings | Duration: 1.913s | Memory: 6.5% | CPU: 0.0%
2025-06-16 18:48:46,569 - PerformanceMonitor - INFO - Component: embedding_generation | Operation: generate_embeddings | Duration: 1.550s | Memory: 6.5% | CPU: 0.0%
2025-06-16 18:48:47,834 - PerformanceMonitor - INFO - Component: embedding_generation | Operation: generate_embeddings | Duration: 1.265s | Memory: 6.5% | CPU: 0.0%
2025-06-16 18:48:49,084 - PerformanceMonitor - INFO - Component: embedding_generation | Operation: generate_embeddings | Duration: 1.250s | Memory: 6.5% | CPU: 0.0%
2025-06-16 18:48:50,410 - PerformanceMonitor - INFO - Component: embedding_generation | Operation: generate_embeddings | Duration: 1.326s | Memory: 6.5% | CPU: 0.0%
2025-06-16 18:48:51,700 - PerformanceMonitor - INFO - Component: embedding_generation | Operation: generate_embeddings | Duration: 1.287s | Memory: 6.5% | CPU: 0.0%
2025-06-16 18:48:52,884 - PerformanceMonitor - INFO - Component: embedding_generation | Operation: generate_embeddings | Duration: 1.184s | Memory: 6.5% | CPU: 0.0%
2025-06-16 18:48:56,252 - PerformanceMonitor - INFO - Component: embedding_generation | Operation: generate_embeddings | Duration: 3.368s | Memory: 6.5% | CPU: 0.0%
2025-06-16 18:48:59,535 - PerformanceMonitor - INFO - Component: embedding_generation | Operation: generate_embeddings | Duration: 3.266s | Memory: 6.4% | CPU: 0.0%
2025-06-16 18:49:02,218 - PerformanceMonitor - INFO - Component: embedding_generation | Operation: generate_embeddings | Duration: 2.683s | Memory: 6.4% | CPU: 0.0%
2025-06-16 18:49:02,552 - PerformanceMonitor - INFO - Component: embedding_generation | Operation: generate_embeddings | Duration: 0.333s | Memory: 6.4% | CPU: 0.0%
2025-06-16 18:49:05,066 - PerformanceMonitor - INFO - Component: embedding_generation | Operation: generate_embeddings | Duration: 2.514s | Memory: 6.4% | CPU: 0.0%
2025-06-16 18:49:07,435 - PerformanceMonitor - INFO - Component: embedding_generation | Operation: generate_embeddings | Duration: 2.362s | Memory: 6.4% | CPU: 0.0%
2025-06-16 18:49:09,852 - PerformanceMonitor - INFO - Component: embedding_generation | Operation: generate_embeddings | Duration: 2.417s | Memory: 6.4% | CPU: 0.0%
2025-06-16 18:49:11,705 - PerformanceMonitor - INFO - Component: embedding_generation | Operation: generate_embeddings | Duration: 1.854s | Memory: 6.4% | CPU: 0.0%
2025-06-16 18:49:13,752 - PerformanceMonitor - INFO - Component: embedding_generation | Operation: generate_embeddings | Duration: 2.041s | Memory: 6.4% | CPU: 0.0%
2025-06-16 18:49:15,547 - PerformanceMonitor - INFO - Component: embedding_generation | Operation: generate_embeddings | Duration: 1.795s | Memory: 6.4% | CPU: 0.0%
2025-06-16 18:49:17,273 - PerformanceMonitor - INFO - Component: embedding_generation | Operation: generate_embeddings | Duration: 1.720s | Memory: 6.4% | CPU: 0.0%
2025-06-16 18:49:19,088 - PerformanceMonitor - INFO - Component: embedding_generation | Operation: generate_embeddings | Duration: 1.809s | Memory: 6.4% | CPU: 0.0%
2025-06-16 18:49:20,533 - PerformanceMonitor - INFO - Component: embedding_generation | Operation: generate_embeddings | Duration: 1.438s | Memory: 6.5% | CPU: 0.0%
2025-06-16 18:49:21,954 - PerformanceMonitor - INFO - Component: embedding_generation | Operation: generate_embeddings | Duration: 1.418s | Memory: 6.5% | CPU: 0.0%
2025-06-16 18:49:23,536 - PerformanceMonitor - INFO - Component: embedding_generation | Operation: generate_embeddings | Duration: 1.582s | Memory: 6.5% | CPU: 0.0%
2025-06-16 18:49:24,948 - PerformanceMonitor - INFO - Component: embedding_generation | Operation: generate_embeddings | Duration: 1.413s | Memory: 6.5% | CPU: 0.0%
2025-06-16 18:49:26,290 - PerformanceMonitor - INFO - Component: embedding_generation | Operation: generate_embeddings | Duration: 1.338s | Memory: 6.5% | CPU: 0.0%
2025-06-16 18:49:27,725 - PerformanceMonitor - INFO - Component: embedding_generation | Operation: generate_embeddings | Duration: 1.418s | Memory: 6.6% | CPU: 0.0%
2025-06-16 18:49:29,426 - PerformanceMonitor - INFO - Component: embedding_generation | Operation: generate_embeddings | Duration: 1.696s | Memory: 6.6% | CPU: 0.0%
2025-06-16 18:49:30,869 - PerformanceMonitor - INFO - Component: embedding_generation | Operation: generate_embeddings | Duration: 1.440s | Memory: 6.6% | CPU: 0.0%
2025-06-16 18:49:32,355 - PerformanceMonitor - INFO - Component: embedding_generation | Operation: generate_embeddings | Duration: 1.485s | Memory: 6.6% | CPU: 0.0%
2025-06-16 18:49:33,990 - PerformanceMonitor - INFO - Component: embedding_generation | Operation: generate_embeddings | Duration: 1.629s | Memory: 6.6% | CPU: 0.0%
2025-06-16 18:49:35,375 - PerformanceMonitor - INFO - Component: embedding_generation | Operation: generate_embeddings | Duration: 1.382s | Memory: 6.6% | CPU: 0.0%
2025-06-16 18:49:36,820 - PerformanceMonitor - INFO - Component: embedding_generation | Operation: generate_embeddings | Duration: 1.440s | Memory: 6.6% | CPU: 0.0%
2025-06-16 18:49:38,275 - PerformanceMonitor - INFO - Component: embedding_generation | Operation: generate_embeddings | Duration: 1.438s | Memory: 6.6% | CPU: 0.0%
2025-06-16 18:49:39,772 - PerformanceMonitor - INFO - Component: embedding_generation | Operation: generate_embeddings | Duration: 1.493s | Memory: 6.6% | CPU: 0.0%
2025-06-16 18:49:41,170 - PerformanceMonitor - INFO - Component: embedding_generation | Operation: generate_embeddings | Duration: 1.395s | Memory: 6.6% | CPU: 0.0%
2025-06-16 18:49:42,587 - PerformanceMonitor - INFO - Component: embedding_generation | Operation: generate_embeddings | Duration: 1.416s | Memory: 6.6% | CPU: 0.0%
2025-06-16 18:49:44,054 - PerformanceMonitor - INFO - Component: embedding_generation | Operation: generate_embeddings | Duration: 1.451s | Memory: 6.6% | CPU: 0.0%
2025-06-16 18:49:46,120 - PerformanceMonitor - INFO - Component: embedding_generation | Operation: generate_embeddings | Duration: 2.067s | Memory: 6.6% | CPU: 0.0%
2025-06-16 18:49:47,688 - PerformanceMonitor - INFO - Component: embedding_generation | Operation: generate_embeddings | Duration: 1.568s | Memory: 6.6% | CPU: 0.0%
2025-06-16 18:49:48,992 - PerformanceMonitor - INFO - Component: embedding_generation | Operation: generate_embeddings | Duration: 1.304s | Memory: 6.6% | CPU: 0.0%
2025-06-16 18:49:50,389 - PerformanceMonitor - INFO - Component: embedding_generation | Operation: generate_embeddings | Duration: 1.382s | Memory: 6.6% | CPU: 0.0%
2025-06-16 18:49:51,704 - PerformanceMonitor - INFO - Component: embedding_generation | Operation: generate_embeddings | Duration: 1.312s | Memory: 6.6% | CPU: 0.0%
2025-06-16 18:49:53,173 - PerformanceMonitor - INFO - Component: embedding_generation | Operation: generate_embeddings | Duration: 1.469s | Memory: 6.6% | CPU: 0.0%
2025-06-16 18:49:54,671 - PerformanceMonitor - INFO - Component: embedding_generation | Operation: generate_embeddings | Duration: 1.483s | Memory: 6.6% | CPU: 0.0%
2025-06-16 19:00:32,971 - PerformanceMonitor - INFO - Monitor de rendimiento inicializado. Start time: 1750114832.9717524
2025-06-16 19:00:36,723 - PerformanceMonitor - INFO - Monitor de rendimiento inicializado. Start time: 1750114836.7231042
2025-06-16 19:00:48,390 - PerformanceMonitor - INFO - Monitor de rendimiento inicializado. Start time: 1750114848.3905423
2025-06-16 19:00:49,021 - PerformanceMonitor - INFO - Monitor de rendimiento inicializado. Start time: 1750114849.0219483
2025-06-16 19:00:54,909 - PerformanceMonitor - INFO - Component: query_processing | Operation: process_query | Duration: 0.100s | Memory: 7.0% | CPU: 0.0%
2025-06-16 19:00:54,911 - PerformanceMonitor - INFO - Component: search | Operation: search | Duration: 0.121s | Memory: 7.0% | CPU: 0.0%
2025-06-16 19:00:54,988 - PerformanceMonitor - INFO - Component: query_processing | Operation: process_query | Duration: 0.056s | Memory: 7.0% | CPU: 0.0%
2025-06-16 19:01:23,396 - PerformanceMonitor - INFO - Component: search | Operation: search | Duration: 0.000s | Memory: 4.4% | CPU: 0.0% - ERROR: SearchEngine.search() got an unexpected keyword argument 'filters'
2025-06-18 15:27:58,501 - PerformanceMonitor - INFO - Monitor de rendimiento inicializado. Start time: 1750274878.5010703
2025-06-18 15:27:59,956 - PerformanceMonitor - INFO - Monitor de rendimiento inicializado. Start time: 1750274879.9567506
2025-06-18 15:47:16,004 - PerformanceMonitor - INFO - Component: query_processing | Operation: process_query | Duration: 0.160s | Memory: 6.4% | CPU: 0.0%
2025-06-18 15:47:16,012 - PerformanceMonitor - INFO - Component: search | Operation: search | Duration: 0.176s | Memory: 6.4% | CPU: 0.0%
2025-06-18 15:47:21,356 - PerformanceMonitor - INFO - Component: answer_generation | Operation: generate_answer | Duration: 5.344s | Memory: 6.4% | CPU: 0.0%
2025-06-18 15:48:29,309 - PerformanceMonitor - INFO - Component: query_processing | Operation: process_query | Duration: 0.128s | Memory: 6.5% | CPU: 0.0%
2025-06-18 15:48:29,309 - PerformanceMonitor - INFO - Component: search | Operation: search | Duration: 0.128s | Memory: 6.5% | CPU: 0.0%
2025-06-18 15:48:36,834 - PerformanceMonitor - INFO - Component: answer_generation | Operation: generate_answer | Duration: 7.525s | Memory: 6.5% | CPU: 0.0%
2025-06-18 15:52:18,466 - PerformanceMonitor - INFO - Component: query_processing | Operation: process_query | Duration: 0.080s | Memory: 7.0% | CPU: 0.0%
2025-06-18 15:52:18,466 - PerformanceMonitor - INFO - Component: search | Operation: search | Duration: 0.080s | Memory: 7.0% | CPU: 0.0%
2025-06-18 15:52:18,546 - PerformanceMonitor - INFO - Component: query_processing | Operation: process_query | Duration: 0.064s | Memory: 7.0% | CPU: 0.0%
